Build started 10.6.2015 г. 2:56:15.
     1>Project "C:\Users\IGM\Documents\Visual Studio 2013\My Exported Templates\GOD\Project26.vcxproj" on node 2 (Build target(s)).
     1>ClCompile:
         C:\Program Files (x86)\Microsoft Visual Studio 12.0\VC\bin\CL.exe /c /ZI /nologo /W3 /WX- /sdl /Od /Oy- /D _MBCS /Gm /EHsc /RTC1 /MDd /GS /fp:precise /Zc:wchar_t /Zc:forScope /Fo"Debug\\" /Fd"Debug\vc120.pdb" /Gd /TP /analyze- /errorReport:prompt Animal.cpp CommandManager.cpp Entity.cpp God.cpp Human.cpp Main.cpp Planet.cpp Point2D.cpp RandomGenerator.cpp Scene.cpp Simulator.cpp
         Simulator.cpp
         Scene.cpp
         RandomGenerator.cpp
     1>c:\users\igm\documents\visual studio 2013\my exported templates\god\randomgenerator.cpp(18): warning C4244: 'initializing' : conversion from 'time_t' to 'unsigned int', possible loss of data
         Point2D.cpp
         Planet.cpp
         Main.cpp
         Human.cpp
         God.cpp
         Entity.cpp
         CommandManager.cpp
         Animal.cpp
         Generating Code...
       Link:
         C:\Program Files (x86)\Microsoft Visual Studio 12.0\VC\bin\link.exe /ERRORREPORT:PROMPT /OUT:"C:\Users\IGM\Documents\Visual Studio 2013\My Exported Templates\GOD\Debug\GOD.exe" /INCREMENTAL /NOLOGO kernel32.lib user32.lib gdi32.lib winspool.lib comdlg32.lib advapi32.lib shell32.lib ole32.lib oleaut32.lib uuid.lib odbc32.lib odbccp32.lib /MANIFEST /MANIFESTUAC:"level='asInvoker' uiAccess='false'" /manifest:embed /DEBUG /PDB:"C:\Users\IGM\Documents\Visual Studio 2013\My Exported Templates\GOD\Debug\GOD.pdb" /TLBID:1 /DYNAMICBASE /NXCOMPAT /IMPLIB:"C:\Users\IGM\Documents\Visual Studio 2013\My Exported Templates\GOD\Debug\GOD.lib" /MACHINE:X86 Debug\Animal.obj
         Debug\CommandManager.obj
         Debug\Entity.obj
         Debug\God.obj
         Debug\Human.obj
         Debug\Main.obj
         Debug\Planet.obj
         Debug\Point2D.obj
         Debug\RandomGenerator.obj
         Debug\Scene.obj
         Debug\Simulator.obj
         Project26.vcxproj -> C:\Users\IGM\Documents\Visual Studio 2013\My Exported Templates\GOD\Debug\GOD.exe
     1>Done Building Project "C:\Users\IGM\Documents\Visual Studio 2013\My Exported Templates\GOD\Project26.vcxproj" (Build target(s)).

Build succeeded.

Time Elapsed 00:00:04.21
